noddi_checkForInputFiles: called from ./noddi_checkForInputFiles by user rbussell on host fmri1.ucsd.edu
noddi_checkForInputFiles: ERROR: input file brain_mask.hdr is NOT present -- that is NOT good!
noddi_checkForInputFiles: ERROR: input file brain_mask.img is NOT present -- that is NOT good!
noddi_checkForInputFiles: ERROR: input file roi_mask.hdr is NOT present -- that is NOT good!
noddi_checkForInputFiles: ERROR: input file roi_mask.img is NOT present -- that is NOT good!
noddi_checkForInputFiles: ERROR: input file NODDI_DWI.hdr is NOT present -- that is NOT good!
noddi_checkForInputFiles: ERROR: input file NODDI_DWI.img is NOT present -- that is NOT good!
noddi_checkForInputFiles: ERROR: input file NODDI_protocol.bvecs is NOT present -- that is NOT good!
noddi_checkForInputFiles: ERROR: input file NODDI_protocol.bvals is NOT present -- that is NOT good!
noddi_checkForInputFiles: ERROR: input file NODDI_protocol.scheme is NOT present -- that is NOT good!
noddi_checkForInputFiles: ERROR: These files are required in current directory: brain_mask.hdr brain_mask.img roi_mask.hdr roi_mask.img NODDI_DWI.hdr NODDI_DWI.img NODDI_protocol.bvecs NODDI_protocol.bvals NODDI_protocol.scheme
noddi_checkForInputFiles: ERROR: EXITING: Input files are missing or named incorrectly.
noddi_checkForInputFiles: ERROR: EXITING: Make sure input files are present in the current directory and have exactly the right file names!
noddi_checkInputFiles: called from /usr/local/bin/noddi///noddi_checkInputFiles by user on host
noddi_checkInputFiles: ERROR: input file brain_mask.hdr is NOT present -- that is NOT good!
noddi_checkInputFiles: ERROR: input file brain_mask.img is NOT present -- that is NOT good!
noddi_checkInputFiles: ERROR: input file roi_mask.hdr is NOT present -- that is NOT good!
noddi_checkInputFiles: ERROR: input file roi_mask.img is NOT present -- that is NOT good!
noddi_checkInputFiles: ERROR: input file NODDI_DWI.hdr is NOT present -- that is NOT good!
noddi_checkInputFiles: ERROR: input file NODDI_DWI.img is NOT present -- that is NOT good!
noddi_checkInputFiles: ERROR: input file NODDI_protocol.bvecs is NOT present -- that is NOT good!
noddi_checkInputFiles: ERROR: input file NODDI_protocol.bvals is NOT present -- that is NOT good!
noddi_checkInputFiles: ERROR: input file NODDI_protocol.scheme is NOT present -- that is NOT good!
noddi_checkInputFiles: ERROR: These files are required in current directory: brain_mask.hdr brain_mask.img roi_mask.hdr roi_mask.img NODDI_DWI.hdr NODDI_DWI.img NODDI_protocol.bvecs NODDI_protocol.bvals NODDI_protocol.scheme
noddi_checkInputFiles: ERROR: EXITING: Input files are missing or named incorrectly.
noddi_checkInputFiles: ERROR: EXITING: Make sure input files are present in the current directory and have exactly the right file names!
noddi_checkInputFiles: called from /usr/local/bin/noddi///noddi_checkInputFiles by user on host
noddi_checkInputFiles: ERROR: input file brain_mask.hdr is NOT present -- that is NOT good!
noddi_checkInputFiles: ERROR: input file brain_mask.img is NOT present -- that is NOT good!
noddi_checkInputFiles: ERROR: input file roi_mask.hdr is NOT present -- that is NOT good!
noddi_checkInputFiles: ERROR: input file roi_mask.img is NOT present -- that is NOT good!
noddi_checkInputFiles: ERROR: input file NODDI_DWI.hdr is NOT present -- that is NOT good!
noddi_checkInputFiles: ERROR: input file NODDI_DWI.img is NOT present -- that is NOT good!
noddi_checkInputFiles: ERROR: input file NODDI_protocol.bvecs is NOT present -- that is NOT good!
noddi_checkInputFiles: ERROR: input file NODDI_protocol.bvals is NOT present -- that is NOT good!
noddi_checkInputFiles: ERROR: input file NODDI_protocol.scheme is NOT present -- that is NOT good!
noddi_checkInputFiles: ERROR: These files are required in current directory: brain_mask.hdr brain_mask.img roi_mask.hdr roi_mask.img NODDI_DWI.hdr NODDI_DWI.img NODDI_protocol.bvecs NODDI_protocol.bvals NODDI_protocol.scheme
noddi_checkInputFiles: ERROR: EXITING: Input files are missing or named incorrectly.
noddi_checkInputFiles: ERROR: EXITING: Make sure input files are present in the current directory and have exactly the right file names!
noddi_checkInputFiles: called from /usr/local/bin/noddi///noddi_checkInputFiles by user on host
noddi_checkInputFiles: ERROR: input file brain_mask.hdr is NOT present -- that is NOT good!
noddi_checkInputFiles: ERROR: input file brain_mask.img is NOT present -- that is NOT good!
noddi_checkInputFiles: ERROR: input file roi_mask.hdr is NOT present -- that is NOT good!
noddi_checkInputFiles: ERROR: input file roi_mask.img is NOT present -- that is NOT good!
noddi_checkInputFiles: ERROR: input file NODDI_DWI.hdr is NOT present -- that is NOT good!
noddi_checkInputFiles: ERROR: input file NODDI_DWI.img is NOT present -- that is NOT good!
noddi_checkInputFiles: ERROR: input file NODDI_protocol.bvecs is NOT present -- that is NOT good!
noddi_checkInputFiles: ERROR: input file NODDI_protocol.bvals is NOT present -- that is NOT good!
noddi_checkInputFiles: ERROR: input file NODDI_protocol.scheme is NOT present -- that is NOT good!
noddi_checkInputFiles: ERROR: These files are required in current directory: brain_mask.hdr brain_mask.img roi_mask.hdr roi_mask.img NODDI_DWI.hdr NODDI_DWI.img NODDI_protocol.bvecs NODDI_protocol.bvals NODDI_protocol.scheme
noddi_checkInputFiles: ERROR: EXITING: Input files are missing or named incorrectly.
noddi_checkInputFiles: ERROR: EXITING: Make sure input files are present in the current directory and have exactly the right file names!
noddi_checkInputFiles: called from /usr/local/bin/noddi///noddi_checkInputFiles by user on host
noddi_checkInputFiles: ERROR: input file brain_mask.hdr is NOT present -- that is NOT good!
noddi_checkInputFiles: ERROR: input file brain_mask.img is NOT present -- that is NOT good!
noddi_checkInputFiles: ERROR: input file roi_mask.hdr is NOT present -- that is NOT good!
noddi_checkInputFiles: ERROR: input file roi_mask.img is NOT present -- that is NOT good!
noddi_checkInputFiles: ERROR: input file NODDI_DWI.hdr is NOT present -- that is NOT good!
noddi_checkInputFiles: ERROR: input file NODDI_DWI.img is NOT present -- that is NOT good!
noddi_checkInputFiles: ERROR: input file NODDI_protocol.bvecs is NOT present -- that is NOT good!
noddi_checkInputFiles: ERROR: input file NODDI_protocol.bvals is NOT present -- that is NOT good!
noddi_checkInputFiles: ERROR: input file NODDI_protocol.scheme is NOT present -- that is NOT good!
noddi_checkInputFiles: ERROR: These files are required in current directory: brain_mask.hdr brain_mask.img roi_mask.hdr roi_mask.img NODDI_DWI.hdr NODDI_DWI.img NODDI_protocol.bvecs NODDI_protocol.bvals NODDI_protocol.scheme
noddi_checkInputFiles: ERROR: EXITING: Input files are missing or named incorrectly.
noddi_checkInputFiles: ERROR: EXITING: Make sure input files are present in the current directory and have exactly the right file names!
noddi_checkInputFiles: called from /usr/local/bin/noddi///noddi_checkInputFiles by user on host
noddi_checkInputFiles: ERROR: input file brain_mask.hdr is NOT present -- that is NOT good!
noddi_checkInputFiles: ERROR: input file brain_mask.img is NOT present -- that is NOT good!
noddi_checkInputFiles: ERROR: input file roi_mask.hdr is NOT present -- that is NOT good!
noddi_checkInputFiles: ERROR: input file roi_mask.img is NOT present -- that is NOT good!
noddi_checkInputFiles: ERROR: input file NODDI_DWI.hdr is NOT present -- that is NOT good!
noddi_checkInputFiles: ERROR: input file NODDI_DWI.img is NOT present -- that is NOT good!
noddi_checkInputFiles: ERROR: input file NODDI_protocol.bvecs is NOT present -- that is NOT good!
noddi_checkInputFiles: ERROR: input file NODDI_protocol.bvals is NOT present -- that is NOT good!
noddi_checkInputFiles: ERROR: input file NODDI_protocol.scheme is NOT present -- that is NOT good!
noddi_checkInputFiles: ERROR: These files are required in current directory: brain_mask.hdr brain_mask.img roi_mask.hdr roi_mask.img NODDI_DWI.hdr NODDI_DWI.img NODDI_protocol.bvecs NODDI_protocol.bvals NODDI_protocol.scheme
noddi_checkInputFiles: ERROR: EXITING: Input files are missing or named incorrectly.
noddi_checkInputFiles: ERROR: EXITING: Make sure input files are present in the current directory and have exactly the right file names!
